<?xml version="1.0" encoding="UTF-8"?>
<robot generator="Robot 4.1.3 (Python 3.10.1 on win32)" generated="20220319 16:31:40.693" rpa="false" schemaversion="2">
<suite id="s1" name="Calculator" source="C:\Users\USER\Documents\CalculatorTestUsingAppium\calculator.robot">
<test id="s1-t1" name="Tes Penjumlahan">
<kw name="Open Android Application">
<kw name="Open Application" library="AppiumLibrary">
<arg>${REMOTE_URL}</arg>
<arg>platformName=${PLATFORM_NAME}</arg>
<arg>platformVersion=${PLATFORM_VERSION}</arg>
<arg>deviceName=${DEVICE_NAME}</arg>
<arg>appPackage=${APP_PACKAGE}</arg>
<arg>appActivity=${APP_ACTIVITY}</arg>
<doc>Opens a new application to given Appium server.
Capabilities of appium server, Android and iOS,
Please check https://github.com/appium/appium/blob/master/docs/en/writing-running-appium/server-args.md
| *Option*            | *Man.* | *Description*     |
| remote_url          | Yes    | Appium server url |
| alias               | no     | alias             |</doc>
<status status="PASS" starttime="20220319 16:31:41.045" endtime="20220319 16:31:58.266"/>
</kw>
<status status="PASS" starttime="20220319 16:31:41.044" endtime="20220319 16:31:58.267"/>
</kw>
<kw name="Click Calculator Number">
<arg>number=5</arg>
<kw name="Click Element" library="AppiumLibrary">
<arg>//android.widget.LinearLayout[@content-desc="Numbers and basic operations"]/android.view.ViewGroup[1]/android.widget.Button[${number}]</arg>
<doc>Click element identified by `locator`.</doc>
<msg timestamp="20220319 16:31:58.272" level="INFO">Clicking element '//android.widget.LinearLayout[@content-desc="Numbers and basic operations"]/android.view.ViewGroup[1]/android.widget.Button[5]'.</msg>
<status status="PASS" starttime="20220319 16:31:58.268" endtime="20220319 16:32:00.383"/>
</kw>
<status status="PASS" starttime="20220319 16:31:58.267" endtime="20220319 16:32:00.384"/>
</kw>
<kw name="Click Calculator Operation">
<arg>operation=plus</arg>
<kw name="Click Element" library="AppiumLibrary">
<arg>//android.widget.Button[@content-desc="${operation}"]</arg>
<doc>Click element identified by `locator`.</doc>
<msg timestamp="20220319 16:32:00.391" level="INFO">Clicking element '//android.widget.Button[@content-desc="plus"]'.</msg>
<status status="PASS" starttime="20220319 16:32:00.386" endtime="20220319 16:32:01.675"/>
</kw>
<status status="PASS" starttime="20220319 16:32:00.385" endtime="20220319 16:32:01.676"/>
</kw>
<kw name="Click Calculator Number">
<arg>number=2</arg>
<kw name="Click Element" library="AppiumLibrary">
<arg>//android.widget.LinearLayout[@content-desc="Numbers and basic operations"]/android.view.ViewGroup[1]/android.widget.Button[${number}]</arg>
<doc>Click element identified by `locator`.</doc>
<msg timestamp="20220319 16:32:01.682" level="INFO">Clicking element '//android.widget.LinearLayout[@content-desc="Numbers and basic operations"]/android.view.ViewGroup[1]/android.widget.Button[2]'.</msg>
<status status="PASS" starttime="20220319 16:32:01.678" endtime="20220319 16:32:02.627"/>
</kw>
<status status="PASS" starttime="20220319 16:32:01.677" endtime="20220319 16:32:02.627"/>
</kw>
<kw name="Click Calculator Operation">
<arg>operation=equals</arg>
<kw name="Click Element" library="AppiumLibrary">
<arg>//android.widget.Button[@content-desc="${operation}"]</arg>
<doc>Click element identified by `locator`.</doc>
<msg timestamp="20220319 16:32:02.634" level="INFO">Clicking element '//android.widget.Button[@content-desc="equals"]'.</msg>
<status status="PASS" starttime="20220319 16:32:02.629" endtime="20220319 16:32:03.548"/>
</kw>
<status status="PASS" starttime="20220319 16:32:02.628" endtime="20220319 16:32:03.548"/>
</kw>
<kw name="Element Attribute Should Match" library="AppiumLibrary">
<arg>com.android.calculator2:id/result</arg>
<arg>text</arg>
<arg>13</arg>
<doc>Verify that an attribute of an element matches the expected criteria.</doc>
<msg timestamp="20220319 16:32:04.744" level="INFO">Element 'com.android.calculator2:id/result' attribute 'text' is '13' </msg>
<status status="PASS" starttime="20220319 16:32:03.549" endtime="20220319 16:32:04.745"/>
</kw>
<kw name="Close Application" library="AppiumLibrary">
<doc>Closes the current application and also close webdriver session.</doc>
<status status="PASS" starttime="20220319 16:32:04.745" endtime="20220319 16:32:05.199"/>
</kw>
<status status="PASS" starttime="20220319 16:31:41.044" endtime="20220319 16:32:05.201"/>
</test>
<test id="s1-t2" name="Tes Perkalian">
<kw name="Open Android Application">
<kw name="Open Application" library="AppiumLibrary">
<arg>${REMOTE_URL}</arg>
<arg>platformName=${PLATFORM_NAME}</arg>
<arg>platformVersion=${PLATFORM_VERSION}</arg>
<arg>deviceName=${DEVICE_NAME}</arg>
<arg>appPackage=${APP_PACKAGE}</arg>
<arg>appActivity=${APP_ACTIVITY}</arg>
<doc>Opens a new application to given Appium server.
Capabilities of appium server, Android and iOS,
Please check https://github.com/appium/appium/blob/master/docs/en/writing-running-appium/server-args.md
| *Option*            | *Man.* | *Description*     |
| remote_url          | Yes    | Appium server url |
| alias               | no     | alias             |</doc>
<status status="PASS" starttime="20220319 16:32:05.210" endtime="20220319 16:32:20.757"/>
</kw>
<status status="PASS" starttime="20220319 16:32:05.210" endtime="20220319 16:32:20.758"/>
</kw>
<kw name="Click Calculator Number">
<arg>number=7</arg>
<kw name="Click Element" library="AppiumLibrary">
<arg>//android.widget.LinearLayout[@content-desc="Numbers and basic operations"]/android.view.ViewGroup[1]/android.widget.Button[${number}]</arg>
<doc>Click element identified by `locator`.</doc>
<msg timestamp="20220319 16:32:20.764" level="INFO">Clicking element '//android.widget.LinearLayout[@content-desc="Numbers and basic operations"]/android.view.ViewGroup[1]/android.widget.Button[7]'.</msg>
<status status="PASS" starttime="20220319 16:32:20.759" endtime="20220319 16:32:23.214"/>
</kw>
<status status="PASS" starttime="20220319 16:32:20.758" endtime="20220319 16:32:23.214"/>
</kw>
<kw name="Click Calculator Number">
<arg>number=11</arg>
<kw name="Click Element" library="AppiumLibrary">
<arg>//android.widget.LinearLayout[@content-desc="Numbers and basic operations"]/android.view.ViewGroup[1]/android.widget.Button[${number}]</arg>
<doc>Click element identified by `locator`.</doc>
<msg timestamp="20220319 16:32:23.221" level="INFO">Clicking element '//android.widget.LinearLayout[@content-desc="Numbers and basic operations"]/android.view.ViewGroup[1]/android.widget.Button[11]'.</msg>
<status status="PASS" starttime="20220319 16:32:23.216" endtime="20220319 16:32:24.152"/>
</kw>
<status status="PASS" starttime="20220319 16:32:23.215" endtime="20220319 16:32:24.152"/>
</kw>
<kw name="Click Calculator Operation">
<arg>operation=multiply</arg>
<kw name="Click Element" library="AppiumLibrary">
<arg>//android.widget.Button[@content-desc="${operation}"]</arg>
<doc>Click element identified by `locator`.</doc>
<msg timestamp="20220319 16:32:24.158" level="INFO">Clicking element '//android.widget.Button[@content-desc="multiply"]'.</msg>
<status status="PASS" starttime="20220319 16:32:24.154" endtime="20220319 16:32:25.043"/>
</kw>
<status status="PASS" starttime="20220319 16:32:24.153" endtime="20220319 16:32:25.043"/>
</kw>
<kw name="Click Calculator Number">
<arg>number=9</arg>
<kw name="Click Element" library="AppiumLibrary">
<arg>//android.widget.LinearLayout[@content-desc="Numbers and basic operations"]/android.view.ViewGroup[1]/android.widget.Button[${number}]</arg>
<doc>Click element identified by `locator`.</doc>
<msg timestamp="20220319 16:32:25.047" level="INFO">Clicking element '//android.widget.LinearLayout[@content-desc="Numbers and basic operations"]/android.view.ViewGroup[1]/android.widget.Button[9]'.</msg>
<status status="PASS" starttime="20220319 16:32:25.044" endtime="20220319 16:32:25.922"/>
</kw>
<status status="PASS" starttime="20220319 16:32:25.044" endtime="20220319 16:32:25.922"/>
</kw>
<kw name="Click Calculator Operation">
<arg>operation=equals</arg>
<kw name="Click Element" library="AppiumLibrary">
<arg>//android.widget.Button[@content-desc="${operation}"]</arg>
<doc>Click element identified by `locator`.</doc>
<msg timestamp="20220319 16:32:25.927" level="INFO">Clicking element '//android.widget.Button[@content-desc="equals"]'.</msg>
<status status="PASS" starttime="20220319 16:32:25.924" endtime="20220319 16:32:26.847"/>
</kw>
<status status="PASS" starttime="20220319 16:32:25.923" endtime="20220319 16:32:26.847"/>
</kw>
<kw name="Element Attribute Should Match" library="AppiumLibrary">
<arg>com.android.calculator2:id/result</arg>
<arg>text</arg>
<arg>30</arg>
<doc>Verify that an attribute of an element matches the expected criteria.</doc>
<msg timestamp="20220319 16:32:28.035" level="INFO">Element 'com.android.calculator2:id/result' attribute 'text' is '30' </msg>
<status status="PASS" starttime="20220319 16:32:26.848" endtime="20220319 16:32:28.035"/>
</kw>
<kw name="Close Application" library="AppiumLibrary">
<doc>Closes the current application and also close webdriver session.</doc>
<status status="PASS" starttime="20220319 16:32:28.035" endtime="20220319 16:32:28.457"/>
</kw>
<status status="PASS" starttime="20220319 16:32:05.208" endtime="20220319 16:32:28.460"/>
</test>
<test id="s1-t3" name="Tes Pembagian">
<kw name="Open Android Application">
<kw name="Open Application" library="AppiumLibrary">
<arg>${REMOTE_URL}</arg>
<arg>platformName=${PLATFORM_NAME}</arg>
<arg>platformVersion=${PLATFORM_VERSION}</arg>
<arg>deviceName=${DEVICE_NAME}</arg>
<arg>appPackage=${APP_PACKAGE}</arg>
<arg>appActivity=${APP_ACTIVITY}</arg>
<doc>Opens a new application to given Appium server.
Capabilities of appium server, Android and iOS,
Please check https://github.com/appium/appium/blob/master/docs/en/writing-running-appium/server-args.md
| *Option*            | *Man.* | *Description*     |
| remote_url          | Yes    | Appium server url |
| alias               | no     | alias             |</doc>
<status status="PASS" starttime="20220319 16:32:28.467" endtime="20220319 16:32:44.069"/>
</kw>
<status status="PASS" starttime="20220319 16:32:28.467" endtime="20220319 16:32:44.069"/>
</kw>
<kw name="Click Calculator Number">
<arg>number=2</arg>
<kw name="Click Element" library="AppiumLibrary">
<arg>//android.widget.LinearLayout[@content-desc="Numbers and basic operations"]/android.view.ViewGroup[1]/android.widget.Button[${number}]</arg>
<doc>Click element identified by `locator`.</doc>
<msg timestamp="20220319 16:32:44.075" level="INFO">Clicking element '//android.widget.LinearLayout[@content-desc="Numbers and basic operations"]/android.view.ViewGroup[1]/android.widget.Button[2]'.</msg>
<status status="PASS" starttime="20220319 16:32:44.071" endtime="20220319 16:32:46.430"/>
</kw>
<status status="PASS" starttime="20220319 16:32:44.070" endtime="20220319 16:32:46.431"/>
</kw>
<kw name="Click Calculator Number">
<arg>number=4</arg>
<kw name="Click Element" library="AppiumLibrary">
<arg>//android.widget.LinearLayout[@content-desc="Numbers and basic operations"]/android.view.ViewGroup[1]/android.widget.Button[${number}]</arg>
<doc>Click element identified by `locator`.</doc>
<msg timestamp="20220319 16:32:46.436" level="INFO">Clicking element '//android.widget.LinearLayout[@content-desc="Numbers and basic operations"]/android.view.ViewGroup[1]/android.widget.Button[4]'.</msg>
<status status="PASS" starttime="20220319 16:32:46.432" endtime="20220319 16:32:47.415"/>
</kw>
<status status="PASS" starttime="20220319 16:32:46.431" endtime="20220319 16:32:47.416"/>
</kw>
<kw name="Click Calculator Operation">
<arg>operation=divide</arg>
<kw name="Click Element" library="AppiumLibrary">
<arg>//android.widget.Button[@content-desc="${operation}"]</arg>
<doc>Click element identified by `locator`.</doc>
<msg timestamp="20220319 16:32:47.422" level="INFO">Clicking element '//android.widget.Button[@content-desc="divide"]'.</msg>
<status status="PASS" starttime="20220319 16:32:47.418" endtime="20220319 16:32:48.376"/>
</kw>
<status status="PASS" starttime="20220319 16:32:47.417" endtime="20220319 16:32:48.377"/>
</kw>
<kw name="Click Calculator Number">
<arg>number=8</arg>
<kw name="Click Element" library="AppiumLibrary">
<arg>//android.widget.LinearLayout[@content-desc="Numbers and basic operations"]/android.view.ViewGroup[1]/android.widget.Button[${number}]</arg>
<doc>Click element identified by `locator`.</doc>
<msg timestamp="20220319 16:32:48.383" level="INFO">Clicking element '//android.widget.LinearLayout[@content-desc="Numbers and basic operations"]/android.view.ViewGroup[1]/android.widget.Button[8]'.</msg>
<status status="PASS" starttime="20220319 16:32:48.378" endtime="20220319 16:32:49.288"/>
</kw>
<status status="PASS" starttime="20220319 16:32:48.377" endtime="20220319 16:32:49.288"/>
</kw>
<kw name="Click Calculator Operation">
<arg>operation=equals</arg>
<kw name="Click Element" library="AppiumLibrary">
<arg>//android.widget.Button[@content-desc="${operation}"]</arg>
<doc>Click element identified by `locator`.</doc>
<msg timestamp="20220319 16:32:49.293" level="INFO">Clicking element '//android.widget.Button[@content-desc="equals"]'.</msg>
<status status="PASS" starttime="20220319 16:32:49.290" endtime="20220319 16:32:50.162"/>
</kw>
<status status="PASS" starttime="20220319 16:32:49.289" endtime="20220319 16:32:50.163"/>
</kw>
<kw name="Element Attribute Should Match" library="AppiumLibrary">
<arg>com.android.calculator2:id/result</arg>
<arg>text</arg>
<arg>42</arg>
<doc>Verify that an attribute of an element matches the expected criteria.</doc>
<msg timestamp="20220319 16:32:51.358" level="INFO">Element 'com.android.calculator2:id/result' attribute 'text' is '42' </msg>
<status status="PASS" starttime="20220319 16:32:50.163" endtime="20220319 16:32:51.358"/>
</kw>
<kw name="Close Application" library="AppiumLibrary">
<doc>Closes the current application and also close webdriver session.</doc>
<status status="PASS" starttime="20220319 16:32:51.359" endtime="20220319 16:32:51.871"/>
</kw>
<status status="PASS" starttime="20220319 16:32:28.465" endtime="20220319 16:32:51.874"/>
</test>
<test id="s1-t4" name="Tes Pengurangan">
<kw name="Open Android Application">
<kw name="Open Application" library="AppiumLibrary">
<arg>${REMOTE_URL}</arg>
<arg>platformName=${PLATFORM_NAME}</arg>
<arg>platformVersion=${PLATFORM_VERSION}</arg>
<arg>deviceName=${DEVICE_NAME}</arg>
<arg>appPackage=${APP_PACKAGE}</arg>
<arg>appActivity=${APP_ACTIVITY}</arg>
<doc>Opens a new application to given Appium server.
Capabilities of appium server, Android and iOS,
Please check https://github.com/appium/appium/blob/master/docs/en/writing-running-appium/server-args.md
| *Option*            | *Man.* | *Description*     |
| remote_url          | Yes    | Appium server url |
| alias               | no     | alias             |</doc>
<status status="PASS" starttime="20220319 16:32:51.880" endtime="20220319 16:33:07.718"/>
</kw>
<status status="PASS" starttime="20220319 16:32:51.879" endtime="20220319 16:33:07.718"/>
</kw>
<kw name="Click Calculator Number">
<arg>number=2</arg>
<kw name="Click Element" library="AppiumLibrary">
<arg>//android.widget.LinearLayout[@content-desc="Numbers and basic operations"]/android.view.ViewGroup[1]/android.widget.Button[${number}]</arg>
<doc>Click element identified by `locator`.</doc>
<msg timestamp="20220319 16:33:07.728" level="INFO">Clicking element '//android.widget.LinearLayout[@content-desc="Numbers and basic operations"]/android.view.ViewGroup[1]/android.widget.Button[2]'.</msg>
<status status="PASS" starttime="20220319 16:33:07.722" endtime="20220319 16:33:10.391"/>
</kw>
<status status="PASS" starttime="20220319 16:33:07.721" endtime="20220319 16:33:10.392"/>
</kw>
<kw name="Click Calculator Number">
<arg>number=4</arg>
<kw name="Click Element" library="AppiumLibrary">
<arg>//android.widget.LinearLayout[@content-desc="Numbers and basic operations"]/android.view.ViewGroup[1]/android.widget.Button[${number}]</arg>
<doc>Click element identified by `locator`.</doc>
<msg timestamp="20220319 16:33:10.399" level="INFO">Clicking element '//android.widget.LinearLayout[@content-desc="Numbers and basic operations"]/android.view.ViewGroup[1]/android.widget.Button[4]'.</msg>
<status status="PASS" starttime="20220319 16:33:10.394" endtime="20220319 16:33:11.377"/>
</kw>
<status status="PASS" starttime="20220319 16:33:10.393" endtime="20220319 16:33:11.377"/>
</kw>
<kw name="Click Calculator Operation">
<arg>operation=minus</arg>
<kw name="Click Element" library="AppiumLibrary">
<arg>//android.widget.Button[@content-desc="${operation}"]</arg>
<doc>Click element identified by `locator`.</doc>
<msg timestamp="20220319 16:33:11.384" level="INFO">Clicking element '//android.widget.Button[@content-desc="minus"]'.</msg>
<status status="PASS" starttime="20220319 16:33:11.379" endtime="20220319 16:33:12.317"/>
</kw>
<status status="PASS" starttime="20220319 16:33:11.378" endtime="20220319 16:33:12.317"/>
</kw>
<kw name="Click Calculator Number">
<arg>number=2</arg>
<kw name="Click Element" library="AppiumLibrary">
<arg>//android.widget.LinearLayout[@content-desc="Numbers and basic operations"]/android.view.ViewGroup[1]/android.widget.Button[${number}]</arg>
<doc>Click element identified by `locator`.</doc>
<msg timestamp="20220319 16:33:12.324" level="INFO">Clicking element '//android.widget.LinearLayout[@content-desc="Numbers and basic operations"]/android.view.ViewGroup[1]/android.widget.Button[2]'.</msg>
<status status="PASS" starttime="20220319 16:33:12.320" endtime="20220319 16:33:13.270"/>
</kw>
<status status="PASS" starttime="20220319 16:33:12.319" endtime="20220319 16:33:13.270"/>
</kw>
<kw name="Click Calculator Number">
<arg>number=11</arg>
<kw name="Click Element" library="AppiumLibrary">
<arg>//android.widget.LinearLayout[@content-desc="Numbers and basic operations"]/android.view.ViewGroup[1]/android.widget.Button[${number}]</arg>
<doc>Click element identified by `locator`.</doc>
<msg timestamp="20220319 16:33:13.276" level="INFO">Clicking element '//android.widget.LinearLayout[@content-desc="Numbers and basic operations"]/android.view.ViewGroup[1]/android.widget.Button[11]'.</msg>
<status status="PASS" starttime="20220319 16:33:13.271" endtime="20220319 16:33:14.246"/>
</kw>
<status status="PASS" starttime="20220319 16:33:13.271" endtime="20220319 16:33:14.246"/>
</kw>
<kw name="Click Calculator Operation">
<arg>operation=equals</arg>
<kw name="Click Element" library="AppiumLibrary">
<arg>//android.widget.Button[@content-desc="${operation}"]</arg>
<doc>Click element identified by `locator`.</doc>
<msg timestamp="20220319 16:33:14.253" level="INFO">Clicking element '//android.widget.Button[@content-desc="equals"]'.</msg>
<status status="PASS" starttime="20220319 16:33:14.249" endtime="20220319 16:33:15.120"/>
</kw>
<status status="PASS" starttime="20220319 16:33:14.247" endtime="20220319 16:33:15.121"/>
</kw>
<kw name="Element Attribute Should Match" library="AppiumLibrary">
<arg>com.android.calculator2:id/result</arg>
<arg>text</arg>
<arg>4</arg>
<doc>Verify that an attribute of an element matches the expected criteria.</doc>
<msg timestamp="20220319 16:33:16.316" level="INFO">Element 'com.android.calculator2:id/result' attribute 'text' is '4' </msg>
<status status="PASS" starttime="20220319 16:33:15.122" endtime="20220319 16:33:16.316"/>
</kw>
<kw name="Close Application" library="AppiumLibrary">
<doc>Closes the current application and also close webdriver session.</doc>
<status status="PASS" starttime="20220319 16:33:16.317" endtime="20220319 16:33:16.717"/>
</kw>
<status status="PASS" starttime="20220319 16:32:51.878" endtime="20220319 16:33:16.720"/>
</test>
<status status="PASS" starttime="20220319 16:31:40.696" endtime="20220319 16:33:16.726"/>
</suite>
<statistics>
<total>
<stat pass="4" fail="0" skip="0">All Tests</stat>
</total>
<tag>
</tag>
<suite>
<stat pass="4" fail="0" skip="0" id="s1" name="Calculator">Calculator</stat>
</suite>
</statistics>
<errors>
</errors>
</robot>
